{"total": {"lines":{"total":977,"covered":492,"skipped":0,"pct":50.35},"statements":{"total":1172,"covered":550,"skipped":0,"pct":46.92},"functions":{"total":277,"covered":148,"skipped":0,"pct":53.42},"branches":{"total":1338,"covered":507,"skipped":0,"pct":37.89},"branchesTrue":{"total":0,"covered":0,"skipped":0,"pct":100}}
,"C:\\Users\\VISHAL\\Desktop\\20-12-2025\\All_full_stack_preparation\\expo\\retry-the-project\\apps\\backend\\src\\routes\\health.js": {"lines":{"total":39,"covered":5,"skipped":0,"pct":12.82},"functions":{"total":5,"covered":1,"skipped":0,"pct":20},"statements":{"total":40,"covered":5,"skipped":0,"pct":12.5},"branches":{"total":30,"covered":5,"skipped":0,"pct":16.66}}
,"C:\\Users\\VISHAL\\Desktop\\20-12-2025\\All_full_stack_preparation\\expo\\retry-the-project\\apps\\backend\\src\\routes\\schema-trained-ai.routes.js": {"lines":{"total":90,"covered":55,"skipped":0,"pct":61.11},"functions":{"total":11,"covered":5,"skipped":0,"pct":45.45},"statements":{"total":106,"covered":56,"skipped":0,"pct":52.83},"branches":{"total":91,"covered":49,"skipped":0,"pct":53.84}}
,"C:\\Users\\VISHAL\\Desktop\\20-12-2025\\All_full_stack_preparation\\expo\\retry-the-project\\apps\\backend\\src\\services\\ai-analyst\\ai-analyst-orchestrator.js": {"lines":{"total":34,"covered":0,"skipped":0,"pct":0},"functions":{"total":5,"covered":0,"skipped":0,"pct":0},"statements":{"total":35,"covered":0,"skipped":0,"pct":0},"branches":{"total":41,"covered":0,"skipped":0,"pct":0}}
,"C:\\Users\\VISHAL\\Desktop\\20-12-2025\\All_full_stack_preparation\\expo\\retry-the-project\\apps\\backend\\src\\services\\ai-analyst\\analyst-memory.js": {"lines":{"total":33,"covered":0,"skipped":0,"pct":0},"functions":{"total":14,"covered":0,"skipped":0,"pct":0},"statements":{"total":36,"covered":0,"skipped":0,"pct":0},"branches":{"total":24,"covered":0,"skipped":0,"pct":0}}
,"C:\\Users\\VISHAL\\Desktop\\20-12-2025\\All_full_stack_preparation\\expo\\retry-the-project\\apps\\backend\\src\\services\\ai-analyst\\analyst-playbooks.js": {"lines":{"total":16,"covered":0,"skipped":0,"pct":0},"functions":{"total":9,"covered":0,"skipped":0,"pct":0},"statements":{"total":23,"covered":0,"skipped":0,"pct":0},"branches":{"total":15,"covered":0,"skipped":0,"pct":0}}
,"C:\\Users\\VISHAL\\Desktop\\20-12-2025\\All_full_stack_preparation\\expo\\retry-the-project\\apps\\backend\\src\\services\\ai-analyst\\chart-engine.js": {"lines":{"total":81,"covered":0,"skipped":0,"pct":0},"functions":{"total":28,"covered":0,"skipped":0,"pct":0},"statements":{"total":104,"covered":0,"skipped":0,"pct":0},"branches":{"total":121,"covered":0,"skipped":0,"pct":0}}
,"C:\\Users\\VISHAL\\Desktop\\20-12-2025\\All_full_stack_preparation\\expo\\retry-the-project\\apps\\backend\\src\\services\\ai-analyst\\command-router.js": {"lines":{"total":28,"covered":0,"skipped":0,"pct":0},"functions":{"total":3,"covered":0,"skipped":0,"pct":0},"statements":{"total":29,"covered":0,"skipped":0,"pct":0},"branches":{"total":37,"covered":0,"skipped":0,"pct":0}}
,"C:\\Users\\VISHAL\\Desktop\\20-12-2025\\All_full_stack_preparation\\expo\\retry-the-project\\apps\\backend\\src\\services\\ai-analyst\\dashboard-plan-engine.js": {"lines":{"total":137,"covered":126,"skipped":0,"pct":91.97},"functions":{"total":49,"covered":47,"skipped":0,"pct":95.91},"statements":{"total":157,"covered":142,"skipped":0,"pct":90.44},"branches":{"total":232,"covered":156,"skipped":0,"pct":67.24}}
,"C:\\Users\\VISHAL\\Desktop\\20-12-2025\\All_full_stack_preparation\\expo\\retry-the-project\\apps\\backend\\src\\services\\ai-analyst\\dashboard-quality-guardian.js": {"lines":{"total":68,"covered":53,"skipped":0,"pct":77.94},"functions":{"total":23,"covered":20,"skipped":0,"pct":86.95},"statements":{"total":80,"covered":64,"skipped":0,"pct":80},"branches":{"total":124,"covered":59,"skipped":0,"pct":47.58}}
,"C:\\Users\\VISHAL\\Desktop\\20-12-2025\\All_full_stack_preparation\\expo\\retry-the-project\\apps\\backend\\src\\services\\ai-analyst\\kpi-engine.js": {"lines":{"total":44,"covered":0,"skipped":0,"pct":0},"functions":{"total":15,"covered":0,"skipped":0,"pct":0},"statements":{"total":56,"covered":0,"skipped":0,"pct":0},"branches":{"total":46,"covered":0,"skipped":0,"pct":0}}
,"C:\\Users\\VISHAL\\Desktop\\20-12-2025\\All_full_stack_preparation\\expo\\retry-the-project\\apps\\backend\\src\\services\\ai-analyst\\llm-schema-dashboard-planner.js": {"lines":{"total":94,"covered":39,"skipped":0,"pct":41.48},"functions":{"total":18,"covered":9,"skipped":0,"pct":50},"statements":{"total":107,"covered":40,"skipped":0,"pct":37.38},"branches":{"total":104,"covered":24,"skipped":0,"pct":23.07}}
,"C:\\Users\\VISHAL\\Desktop\\20-12-2025\\All_full_stack_preparation\\expo\\retry-the-project\\apps\\backend\\src\\services\\ai-analyst\\schema-fingerprint.js": {"lines":{"total":107,"covered":95,"skipped":0,"pct":88.78},"functions":{"total":37,"covered":37,"skipped":0,"pct":100},"statements":{"total":156,"covered":118,"skipped":0,"pct":75.64},"branches":{"total":145,"covered":82,"skipped":0,"pct":56.55}}
,"C:\\Users\\VISHAL\\Desktop\\20-12-2025\\All_full_stack_preparation\\expo\\retry-the-project\\apps\\backend\\src\\services\\ai-analyst\\schema-profiler.js": {"lines":{"total":55,"covered":0,"skipped":0,"pct":0},"functions":{"total":23,"covered":0,"skipped":0,"pct":0},"statements":{"total":74,"covered":0,"skipped":0,"pct":0},"branches":{"total":76,"covered":0,"skipped":0,"pct":0}}
,"C:\\Users\\VISHAL\\Desktop\\20-12-2025\\All_full_stack_preparation\\expo\\retry-the-project\\apps\\backend\\src\\services\\ai-analyst\\schema-trained-ai-service.js": {"lines":{"total":95,"covered":70,"skipped":0,"pct":73.68},"functions":{"total":14,"covered":12,"skipped":0,"pct":85.71},"statements":{"total":107,"covered":73,"skipped":0,"pct":68.22},"branches":{"total":195,"covered":96,"skipped":0,"pct":49.23}}
,"C:\\Users\\VISHAL\\Desktop\\20-12-2025\\All_full_stack_preparation\\expo\\retry-the-project\\apps\\backend\\src\\services\\ai-analyst\\schema-training-store.js": {"lines":{"total":56,"covered":49,"skipped":0,"pct":87.5},"functions":{"total":23,"covered":17,"skipped":0,"pct":73.91},"statements":{"total":62,"covered":52,"skipped":0,"pct":83.87},"branches":{"total":57,"covered":36,"skipped":0,"pct":63.15}}
}
